<?xml version="1.0" encoding="UTF-8"?>
<!-- Generated by org.testng.reporters.JUnitReportReporter -->
<testsuite hostname="DESKTOP-8307O0L" failures="0" tests="1" name="BBC.Website.BbcWebsite" time="11.364" errors="0" timestamp="2023-04-02T23:31:38 BST" skipped="0">
  <testcase classname="BBC.Website.BbcWebsite" name="loginPage" time="11.364"/>
  <system-out/>
</testsuite> <!-- BBC.Website.BbcWebsite -->
